System Boot Sequence Initiated...
🚀 Initializing Agentic AutoML...
🕵️ Agent is auditing the dataset to find the target...
🎯 Target Detected: salary
🧠 Task Type: Regression
🧠 Planner is strategizing...
✅ Strategy acquired.
💻 Coder is writing the cleaning script...
📂 SUCCESS! Script saved to: E:\junior-mle\generated_scripts\clean_data.py
⚙️ Executing: E:\junior-mle\generated_scripts\clean_data.py
✅ Data cleaned successfully!
📂 File found in data/processed/cleaned_data.csv
✅ Data cleaned successfully after self-correction!
✅ Data is cleaned. Proceeding to Model Training...
🤖 Modeler is analyzing data to choose an algorithm...
⚙️ Executing: E:\junior-mle\generated_scripts\train_model.py
🔄 Modeler Attempt 1: Self-correcting training script...
⚙️ Executing: E:\junior-mle\generated_scripts\train_model.py
🔄 Modeler Attempt 2: Self-correcting training script...
⚙️ Executing: E:\junior-mle\generated_scripts\train_model.py
🏆 Model Training Complete!
--- EXECUTION OUTPUT ---
RMSE: 132527318.84853879
R2 Score: 0.8993986310221147

💎 Starting Hyper-parameter Optimization...
⚙️ Executing: E:\junior-mle\generated_scripts\tune_model.py
🔄 Tuner Attempt 1: Self-correcting tuning script...
⚙️ Executing: E:\junior-mle\generated_scripts\tune_model.py
✨ OPTIMIZATION COMPLETE!
--- TUNING RESULTS ---
Fitting 3 folds for each of 12 candidates, totalling 36 fits
Best parameters: {'learning_rate': 0.01, 'max_depth': 3, 'n_estimators': 100}
Best score: 825132608.0

